<?xml version="1.0" encoding="UTF-8"?>
<testsuite name="ru.dataart.academy.java.CalculatorTest" tests="3" skipped="0" failures="0" errors="0" timestamp="2021-10-17T20:00:21" hostname="DESKTOP-8SJRRMI" time="0.025">
  <properties/>
  <testcase name="testOddList()" classname="ru.dataart.academy.java.CalculatorTest" time="0.021"/>
  <testcase name="testSum()" classname="ru.dataart.academy.java.CalculatorTest" time="0.001"/>
  <testcase name="testBounds()" classname="ru.dataart.academy.java.CalculatorTest" time="0.001"/>
  <system-out><![CDATA[]]></system-out>
  <system-err><![CDATA[]]></system-err>
</testsuite>
